
NOTICE Undefined offset: 1 /usr/local/cpanel/whostmgr/docroot/cgi/softaculous/enduser/main/functions.php 11536
WARNING
WARNING
WARNING
NOTICE Undefined index: pgtimezone /usr/local/cpanel/whostmgr/docroot/cgi/softaculous/enduser/main/functions.php 68
WARNING
WARNING
WARNING
WARNING
WARNING
WARNING
WARNING
WARNING
WARNING
WARNING
WARNING
WARNING
WARNING
WARNING
WARNING
WARNING
WARNING
WARNING
WARNING
WARNING
WARNING
WARNING
WARNING
WARNING
WARNING
WARNING
NOTICE Undefined variable: __settings /usr/local/cpanel/whostmgr/docroot/cgi/softaculous/enduser/main/backup.php 756
WARNING
NOTICE Undefined offset: 1 /usr/local/cpanel/whostmgr/docroot/cgi/softaculous/enduser/main/functions.php 11536
NOTICE Undefined offset: 1 /usr/local/cpanel/whostmgr/docroot/cgi/softaculous/enduser/main/functions.php 4127
NOTICE Undefined offset: 1 /usr/local/cpanel/whostmgr/docroot/cgi/softaculous/enduser/main/functions.php 4131
NOTICE Undefined offset: 1 /usr/local/cpanel/whostmgr/docroot/cgi/softaculous/enduser/main/functions.php 4135
NOTICE Undefined offset: 1 /usr/local/cpanel/whostmgr/docroot/cgi/softaculous/enduser/main/functions.php 4135
NOTICE Undefined offset: 1 /usr/local/cpanel/whostmgr/docroot/cgi/softaculous/enduser/main/functions.php 11538
NOTICE Undefined offset: 2 /usr/local/cpanel/whostmgr/docroot/cgi/softaculous/enduser/main/functions.php 11536
NOTICE Undefined offset: 2 /usr/local/cpanel/whostmgr/docroot/cgi/softaculous/enduser/main/functions.php 11536
NOTICE Undefined offset: 2 /usr/local/cpanel/whostmgr/docroot/cgi/softaculous/enduser/main/functions.php 11536
NOTICE Undefined offset: 2 /usr/local/cpanel/whostmgr/docroot/cgi/softaculous/enduser/main/functions.php 11536
NOTICE Undefined offset: 2 /usr/local/cpanel/whostmgr/docroot/cgi/softaculous/enduser/main/functions.php 11536
WARNING
WARNING
NOTICE Undefined offset: 4 /usr/local/cpanel/whostmgr/docroot/cgi/softaculous/enduser/main/functions.php 11536
WARNING
WARNING
WARNING
WARNING
NOTICE Undefined offset: 1 /usr/local/cpanel/whostmgr/docroot/cgi/softaculous/enduser/main/functions.php 11536
WARNING
WARNING
WARNING
NOTICE Undefined index: pgtimezone /usr/local/cpanel/whostmgr/docroot/cgi/softaculous/enduser/main/functions.php 68
WARNING
WARNING
WARNING
WARNING
WARNING
WARNING
WARNING
WARNING
WARNING
WARNING
WARNING
WARNING
WARNING
WARNING
WARNING
WARNING
WARNING
WARNING
WARNING
WARNING
WARNING
WARNING
WARNING
WARNING
WARNING
WARNING
NOTICE Undefined variable: __settings /usr/local/cpanel/whostmgr/docroot/cgi/softaculous/enduser/main/backup.php 756
WARNING
NOTICE Undefined offset: 1 /usr/local/cpanel/whostmgr/docroot/cgi/softaculous/enduser/main/functions.php 11536
NOTICE Undefined offset: 1 /usr/local/cpanel/whostmgr/docroot/cgi/softaculous/enduser/main/functions.php 4127
NOTICE Undefined offset: 1 /usr/local/cpanel/whostmgr/docroot/cgi/softaculous/enduser/main/functions.php 4131
NOTICE Undefined offset: 1 /usr/local/cpanel/whostmgr/docroot/cgi/softaculous/enduser/main/functions.php 4135
NOTICE Undefined offset: 1 /usr/local/cpanel/whostmgr/docroot/cgi/softaculous/enduser/main/functions.php 4135
NOTICE Undefined offset: 1 /usr/local/cpanel/whostmgr/docroot/cgi/softaculous/enduser/main/functions.php 11538
WARNING
WARNING
WARNING
NOTICE Undefined variable: ver /var/softaculous/wp/php53/import.php 98
NOTICE Undefined offset: 2 /usr/local/cpanel/whostmgr/docroot/cgi/softaculous/enduser/main/functions.php 11536
NOTICE Undefined offset: 2 /usr/local/cpanel/whostmgr/docroot/cgi/softaculous/enduser/main/functions.php 11536
NOTICE Undefined offset: 2 /usr/local/cpanel/whostmgr/docroot/cgi/softaculous/enduser/main/functions.php 11536
NOTICE Undefined offset: 2 /usr/local/cpanel/whostmgr/docroot/cgi/softaculous/enduser/main/functions.php 11536
NOTICE Undefined offset: 2 /usr/local/cpanel/whostmgr/docroot/cgi/softaculous/enduser/main/functions.php 11536
WARNING
WARNING
WARNING
WARNING
WARNING
WARNING
WARNING
WARNING
WARNING
WARNING
WARNING
NOTICE Undefined offset: 1 /usr/local/cpanel/whostmgr/docroot/cgi/softaculous/enduser/main/functions.php 11536
WARNING
WARNING
WARNING
NOTICE Undefined index: pgtimezone /usr/local/cpanel/whostmgr/docroot/cgi/softaculous/enduser/main/functions.php 68
WARNING
WARNING
WARNING
WARNING
WARNING
WARNING
WARNING
WARNING
WARNING
WARNING
WARNING
WARNING
WARNING
WARNING
WARNING
WARNING
WARNING
WARNING
WARNING
WARNING
WARNING
WARNING
WARNING
WARNING
WARNING
WARNING
NOTICE Undefined variable: __settings /usr/local/cpanel/whostmgr/docroot/cgi/softaculous/enduser/main/backup.php 756
WARNING
NOTICE Undefined offset: 1 /usr/local/cpanel/whostmgr/docroot/cgi/softaculous/enduser/main/functions.php 11536
NOTICE Undefined offset: 1 /usr/local/cpanel/whostmgr/docroot/cgi/softaculous/enduser/main/functions.php 4127
NOTICE Undefined offset: 1 /usr/local/cpanel/whostmgr/docroot/cgi/softaculous/enduser/main/functions.php 4131
NOTICE Undefined offset: 1 /usr/local/cpanel/whostmgr/docroot/cgi/softaculous/enduser/main/functions.php 4135
NOTICE Undefined offset: 1 /usr/local/cpanel/whostmgr/docroot/cgi/softaculous/enduser/main/functions.php 4135
NOTICE Undefined offset: 1 /usr/local/cpanel/whostmgr/docroot/cgi/softaculous/enduser/main/functions.php 11538
NOTICE Undefined offset: 2 /usr/local/cpanel/whostmgr/docroot/cgi/softaculous/enduser/main/functions.php 11536
NOTICE Undefined offset: 2 /usr/local/cpanel/whostmgr/docroot/cgi/softaculous/enduser/main/functions.php 11536
NOTICE Undefined offset: 2 /usr/local/cpanel/whostmgr/docroot/cgi/softaculous/enduser/main/functions.php 11536
NOTICE Undefined offset: 2 /usr/local/cpanel/whostmgr/docroot/cgi/softaculous/enduser/main/functions.php 11536
NOTICE Undefined offset: 2 /usr/local/cpanel/whostmgr/docroot/cgi/softaculous/enduser/main/functions.php 11536
WARNING
WARNING
NOTICE Undefined offset: 4 /usr/local/cpanel/whostmgr/docroot/cgi/softaculous/enduser/main/functions.php 11536
WARNING
WARNING
WARNING
WARNING
WARNING
WARNING
NOTICE Undefined offset: 1 /usr/local/cpanel/whostmgr/docroot/cgi/softaculous/enduser/main/functions.php 11536
WARNING
WARNING
WARNING
NOTICE Undefined index: pgtimezone /usr/local/cpanel/whostmgr/docroot/cgi/softaculous/enduser/main/functions.php 68
WARNING
WARNING
WARNING
WARNING
WARNING
WARNING
WARNING
WARNING
WARNING
WARNING
WARNING
WARNING
WARNING
WARNING
WARNING
WARNING
WARNING
WARNING
WARNING
WARNING
WARNING
WARNING
WARNING
WARNING
WARNING
WARNING
NOTICE Undefined variable: __settings /usr/local/cpanel/whostmgr/docroot/cgi/softaculous/enduser/main/backup.php 756
WARNING
NOTICE Undefined offset: 1 /usr/local/cpanel/whostmgr/docroot/cgi/softaculous/enduser/main/functions.php 11536
NOTICE Undefined offset: 1 /usr/local/cpanel/whostmgr/docroot/cgi/softaculous/enduser/main/functions.php 4127
NOTICE Undefined offset: 1 /usr/local/cpanel/whostmgr/docroot/cgi/softaculous/enduser/main/functions.php 4131
NOTICE Undefined offset: 1 /usr/local/cpanel/whostmgr/docroot/cgi/softaculous/enduser/main/functions.php 4135
NOTICE Undefined offset: 1 /usr/local/cpanel/whostmgr/docroot/cgi/softaculous/enduser/main/functions.php 4135
NOTICE Undefined offset: 1 /usr/local/cpanel/whostmgr/docroot/cgi/softaculous/enduser/main/functions.php 11538
NOTICE Undefined offset: 2 /usr/local/cpanel/whostmgr/docroot/cgi/softaculous/enduser/main/functions.php 11536
NOTICE Undefined offset: 2 /usr/local/cpanel/whostmgr/docroot/cgi/softaculous/enduser/main/functions.php 11536
NOTICE Undefined offset: 2 /usr/local/cpanel/whostmgr/docroot/cgi/softaculous/enduser/main/functions.php 11536
NOTICE Undefined offset: 2 /usr/local/cpanel/whostmgr/docroot/cgi/softaculous/enduser/main/functions.php 11536
NOTICE Undefined offset: 2 /usr/local/cpanel/whostmgr/docroot/cgi/softaculous/enduser/main/functions.php 11536
WARNING
WARNING
NOTICE Undefined offset: 4 /usr/local/cpanel/whostmgr/docroot/cgi/softaculous/enduser/main/functions.php 11536
WARNING
WARNING
WARNING
WARNING
WARNING
WARNING
NOTICE Undefined offset: 1 /usr/local/cpanel/whostmgr/docroot/cgi/softaculous/enduser/main/functions.php 11675
WARNING
WARNING
WARNING
NOTICE Undefined index: pgtimezone /usr/local/cpanel/whostmgr/docroot/cgi/softaculous/enduser/main/functions.php 68
WARNING
WARNING
WARNING
WARNING
WARNING
WARNING
WARNING
WARNING
WARNING
WARNING
WARNING
WARNING
WARNING
WARNING
WARNING
WARNING
WARNING
WARNING
WARNING
WARNING
WARNING
WARNING
WARNING
WARNING
WARNING
WARNING
NOTICE Undefined variable: __settings /usr/local/cpanel/whostmgr/docroot/cgi/softaculous/enduser/main/backup.php 785
WARNING
NOTICE Undefined offset: 1 /usr/local/cpanel/whostmgr/docroot/cgi/softaculous/enduser/main/functions.php 11675
NOTICE Undefined offset: 1 /usr/local/cpanel/whostmgr/docroot/cgi/softaculous/enduser/main/functions.php 4134
NOTICE Undefined offset: 1 /usr/local/cpanel/whostmgr/docroot/cgi/softaculous/enduser/main/functions.php 4138
NOTICE Undefined offset: 1 /usr/local/cpanel/whostmgr/docroot/cgi/softaculous/enduser/main/functions.php 4142
NOTICE Undefined offset: 1 /usr/local/cpanel/whostmgr/docroot/cgi/softaculous/enduser/main/functions.php 4142
NOTICE Undefined offset: 1 /usr/local/cpanel/whostmgr/docroot/cgi/softaculous/enduser/main/functions.php 11677
NOTICE Undefined offset: 2 /usr/local/cpanel/whostmgr/docroot/cgi/softaculous/enduser/main/functions.php 11675
NOTICE Undefined offset: 2 /usr/local/cpanel/whostmgr/docroot/cgi/softaculous/enduser/main/functions.php 11675
NOTICE Undefined offset: 2 /usr/local/cpanel/whostmgr/docroot/cgi/softaculous/enduser/main/functions.php 11675
NOTICE Undefined offset: 2 /usr/local/cpanel/whostmgr/docroot/cgi/softaculous/enduser/main/functions.php 11675
NOTICE Undefined offset: 2 /usr/local/cpanel/whostmgr/docroot/cgi/softaculous/enduser/main/functions.php 11675
WARNING
WARNING
NOTICE Undefined offset: 4 /usr/local/cpanel/whostmgr/docroot/cgi/softaculous/enduser/main/functions.php 11675
WARNING
WARNING
WARNING
WARNING
WARNING
WARNING
NOTICE Undefined offset: 1 /usr/local/cpanel/whostmgr/docroot/cgi/softaculous/enduser/main/functions.php 11674
WARNING
WARNING
WARNING
NOTICE Undefined index: pgtimezone /usr/local/cpanel/whostmgr/docroot/cgi/softaculous/enduser/main/functions.php 68
WARNING
WARNING
WARNING
WARNING
WARNING
WARNING
WARNING
WARNING
WARNING
WARNING
WARNING
WARNING
WARNING
WARNING
WARNING
WARNING
WARNING
WARNING
WARNING
WARNING
WARNING
WARNING
WARNING
WARNING
WARNING
WARNING
NOTICE Undefined variable: __settings /usr/local/cpanel/whostmgr/docroot/cgi/softaculous/enduser/main/backup.php 785
WARNING
NOTICE Undefined offset: 1 /usr/local/cpanel/whostmgr/docroot/cgi/softaculous/enduser/main/functions.php 11674
NOTICE Undefined offset: 1 /usr/local/cpanel/whostmgr/docroot/cgi/softaculous/enduser/main/functions.php 4134
NOTICE Undefined offset: 1 /usr/local/cpanel/whostmgr/docroot/cgi/softaculous/enduser/main/functions.php 4138
NOTICE Undefined offset: 1 /usr/local/cpanel/whostmgr/docroot/cgi/softaculous/enduser/main/functions.php 4142
NOTICE Undefined offset: 1 /usr/local/cpanel/whostmgr/docroot/cgi/softaculous/enduser/main/functions.php 4142
NOTICE Undefined offset: 1 /usr/local/cpanel/whostmgr/docroot/cgi/softaculous/enduser/main/functions.php 11676
NOTICE Undefined offset: 2 /usr/local/cpanel/whostmgr/docroot/cgi/softaculous/enduser/main/functions.php 11674
NOTICE Undefined offset: 2 /usr/local/cpanel/whostmgr/docroot/cgi/softaculous/enduser/main/functions.php 11674
NOTICE Undefined offset: 2 /usr/local/cpanel/whostmgr/docroot/cgi/softaculous/enduser/main/functions.php 11674
NOTICE Undefined offset: 2 /usr/local/cpanel/whostmgr/docroot/cgi/softaculous/enduser/main/functions.php 11674
NOTICE Undefined offset: 2 /usr/local/cpanel/whostmgr/docroot/cgi/softaculous/enduser/main/functions.php 11674
WARNING
WARNING
NOTICE Undefined offset: 4 /usr/local/cpanel/whostmgr/docroot/cgi/softaculous/enduser/main/functions.php 11674
WARNING
WARNING
WARNING
WARNING
WARNING
WARNING
NOTICE Undefined offset: 1 /usr/local/cpanel/whostmgr/docroot/cgi/softaculous/enduser/main/functions.php 11674
WARNING
WARNING
WARNING
NOTICE Undefined index: pgtimezone /usr/local/cpanel/whostmgr/docroot/cgi/softaculous/enduser/main/functions.php 68
WARNING
WARNING
WARNING
WARNING
WARNING
WARNING
WARNING
WARNING
WARNING
WARNING
WARNING
WARNING
WARNING
WARNING
WARNING
WARNING
WARNING
WARNING
WARNING
WARNING
WARNING
WARNING
WARNING
WARNING
WARNING
WARNING
NOTICE Undefined variable: __settings /usr/local/cpanel/whostmgr/docroot/cgi/softaculous/enduser/main/backup.php 785
WARNING
NOTICE Undefined offset: 1 /usr/local/cpanel/whostmgr/docroot/cgi/softaculous/enduser/main/functions.php 11674
NOTICE Undefined offset: 1 /usr/local/cpanel/whostmgr/docroot/cgi/softaculous/enduser/main/functions.php 4134
NOTICE Undefined offset: 1 /usr/local/cpanel/whostmgr/docroot/cgi/softaculous/enduser/main/functions.php 4138
NOTICE Undefined offset: 1 /usr/local/cpanel/whostmgr/docroot/cgi/softaculous/enduser/main/functions.php 4142
NOTICE Undefined offset: 1 /usr/local/cpanel/whostmgr/docroot/cgi/softaculous/enduser/main/functions.php 4142
NOTICE Undefined offset: 1 /usr/local/cpanel/whostmgr/docroot/cgi/softaculous/enduser/main/functions.php 11676
NOTICE Undefined offset: 2 /usr/local/cpanel/whostmgr/docroot/cgi/softaculous/enduser/main/functions.php 11674
NOTICE Undefined offset: 2 /usr/local/cpanel/whostmgr/docroot/cgi/softaculous/enduser/main/functions.php 11674
NOTICE Undefined offset: 2 /usr/local/cpanel/whostmgr/docroot/cgi/softaculous/enduser/main/functions.php 11674
NOTICE Undefined offset: 2 /usr/local/cpanel/whostmgr/docroot/cgi/softaculous/enduser/main/functions.php 11674
NOTICE Undefined offset: 2 /usr/local/cpanel/whostmgr/docroot/cgi/softaculous/enduser/main/functions.php 11674
WARNING
WARNING
NOTICE Undefined offset: 4 /usr/local/cpanel/whostmgr/docroot/cgi/softaculous/enduser/main/functions.php 11674
WARNING
WARNING
WARNING
WARNING
NOTICE Undefined offset: 1 /usr/local/cpanel/whostmgr/docroot/cgi/softaculous/enduser/main/functions.php 11674
WARNING
WARNING
WARNING
NOTICE Undefined index: pgtimezone /usr/local/cpanel/whostmgr/docroot/cgi/softaculous/enduser/main/functions.php 68
WARNING
WARNING
WARNING
WARNING
WARNING
WARNING
WARNING
WARNING
WARNING
WARNING
WARNING
WARNING
WARNING
WARNING
WARNING
WARNING
WARNING
WARNING
WARNING
WARNING
WARNING
WARNING
WARNING
WARNING
WARNING
WARNING
NOTICE Undefined variable: __settings /usr/local/cpanel/whostmgr/docroot/cgi/softaculous//enduser/main/backup.php 785
WARNING
NOTICE Undefined offset: 1 /usr/local/cpanel/whostmgr/docroot/cgi/softaculous/enduser/main/functions.php 11674
NOTICE Undefined offset: 1 /usr/local/cpanel/whostmgr/docroot/cgi/softaculous/enduser/main/functions.php 4134
NOTICE Undefined offset: 1 /usr/local/cpanel/whostmgr/docroot/cgi/softaculous/enduser/main/functions.php 4138
NOTICE Undefined offset: 1 /usr/local/cpanel/whostmgr/docroot/cgi/softaculous/enduser/main/functions.php 4142
NOTICE Undefined offset: 1 /usr/local/cpanel/whostmgr/docroot/cgi/softaculous/enduser/main/functions.php 4142
NOTICE Undefined offset: 1 /usr/local/cpanel/whostmgr/docroot/cgi/softaculous/enduser/main/functions.php 11676
NOTICE Undefined offset: 2 /usr/local/cpanel/whostmgr/docroot/cgi/softaculous/enduser/main/functions.php 11674
NOTICE Undefined offset: 2 /usr/local/cpanel/whostmgr/docroot/cgi/softaculous/enduser/main/functions.php 11674
NOTICE Undefined offset: 2 /usr/local/cpanel/whostmgr/docroot/cgi/softaculous/enduser/main/functions.php 11674
NOTICE Undefined offset: 2 /usr/local/cpanel/whostmgr/docroot/cgi/softaculous/enduser/main/functions.php 11674
NOTICE Undefined offset: 2 /usr/local/cpanel/whostmgr/docroot/cgi/softaculous/enduser/main/functions.php 11674
WARNING
WARNING
NOTICE Undefined offset: 4 /usr/local/cpanel/whostmgr/docroot/cgi/softaculous/enduser/main/functions.php 11674
WARNING
WARNING
WARNING
WARNING
NOTICE Undefined variable: mail /usr/local/cpanel/whostmgr/docroot/cgi/softaculous/cli/upgrade.php 429
WARNING
NOTICE Undefined offset: 1 /usr/local/cpanel/whostmgr/docroot/cgi/softaculous/enduser/main/functions.php 11796
WARNING
WARNING
WARNING
NOTICE Undefined index: pgtimezone /usr/local/cpanel/whostmgr/docroot/cgi/softaculous/enduser/main/functions.php 68
WARNING
WARNING
WARNING
WARNING
WARNING
WARNING
WARNING
WARNING
WARNING
WARNING
WARNING
WARNING
WARNING
WARNING
WARNING
WARNING
WARNING
WARNING
WARNING
WARNING
WARNING
WARNING
WARNING
WARNING
WARNING
WARNING
NOTICE Undefined variable: __settings /usr/local/cpanel/whostmgr/docroot/cgi/softaculous//enduser/main/backup.php 790
WARNING
NOTICE Undefined offset: 1 /usr/local/cpanel/whostmgr/docroot/cgi/softaculous/enduser/main/functions.php 11796
NOTICE Undefined offset: 1 /usr/local/cpanel/whostmgr/docroot/cgi/softaculous/enduser/main/functions.php 4208
NOTICE Undefined offset: 1 /usr/local/cpanel/whostmgr/docroot/cgi/softaculous/enduser/main/functions.php 4212
NOTICE Undefined offset: 1 /usr/local/cpanel/whostmgr/docroot/cgi/softaculous/enduser/main/functions.php 4216
NOTICE Undefined offset: 1 /usr/local/cpanel/whostmgr/docroot/cgi/softaculous/enduser/main/functions.php 4220
NOTICE Undefined offset: 1 /usr/local/cpanel/whostmgr/docroot/cgi/softaculous/enduser/main/functions.php 4233
NOTICE Undefined offset: 1 /usr/local/cpanel/whostmgr/docroot/cgi/softaculous/enduser/main/functions.php 4216
NOTICE Undefined offset: 1 /usr/local/cpanel/whostmgr/docroot/cgi/softaculous/enduser/main/functions.php 4220
NOTICE Undefined offset: 1 /usr/local/cpanel/whostmgr/docroot/cgi/softaculous/enduser/main/functions.php 4233
NOTICE Undefined offset: 1 /usr/local/cpanel/whostmgr/docroot/cgi/softaculous/enduser/main/functions.php 11798
NOTICE Undefined offset: 2 /usr/local/cpanel/whostmgr/docroot/cgi/softaculous/enduser/main/functions.php 11796
NOTICE Undefined offset: 2 /usr/local/cpanel/whostmgr/docroot/cgi/softaculous/enduser/main/functions.php 11796
NOTICE Undefined offset: 2 /usr/local/cpanel/whostmgr/docroot/cgi/softaculous/enduser/main/functions.php 11796
NOTICE Undefined offset: 2 /usr/local/cpanel/whostmgr/docroot/cgi/softaculous/enduser/main/functions.php 11796
NOTICE Undefined offset: 2 /usr/local/cpanel/whostmgr/docroot/cgi/softaculous/enduser/main/functions.php 11796
WARNING
WARNING
NOTICE Undefined offset: 4 /usr/local/cpanel/whostmgr/docroot/cgi/softaculous/enduser/main/functions.php 11796
WARNING
WARNING
WARNING
WARNING