
NOTICE Undefined index: name /usr/local/cpanel/whostmgr/docroot/cgi/softaculous/enduser/main/functions.php 3918
NOTICE Undefined offset: 1 /usr/local/cpanel/whostmgr/docroot/cgi/softaculous/enduser/main/functions.php 11043
NOTICE Undefined index: pgtimezone /usr/local/cpanel/whostmgr/docroot/cgi/softaculous/enduser/main/functions.php 68
WARNING
NOTICE Undefined variable: __settings /usr/local/cpanel/whostmgr/docroot/cgi/softaculous/enduser/main/backup.php 691
WARNING
NOTICE Undefined offset: 1 /usr/local/cpanel/whostmgr/docroot/cgi/softaculous/enduser/main/functions.php 11043
NOTICE Undefined offset: 1 /usr/local/cpanel/whostmgr/docroot/cgi/softaculous/enduser/main/functions.php 4012
NOTICE Undefined offset: 1 /usr/local/cpanel/whostmgr/docroot/cgi/softaculous/enduser/main/functions.php 4016
NOTICE Undefined offset: 1 /usr/local/cpanel/whostmgr/docroot/cgi/softaculous/enduser/main/functions.php 4020
NOTICE Undefined offset: 1 /usr/local/cpanel/whostmgr/docroot/cgi/softaculous/enduser/main/functions.php 11045
NOTICE Undefined offset: 2 /usr/local/cpanel/whostmgr/docroot/cgi/softaculous/enduser/main/functions.php 11043
NOTICE Undefined offset: 2 /usr/local/cpanel/whostmgr/docroot/cgi/softaculous/enduser/main/functions.php 11043
NOTICE Undefined offset: 2 /usr/local/cpanel/whostmgr/docroot/cgi/softaculous/enduser/main/functions.php 11043
NOTICE Undefined offset: 2 /usr/local/cpanel/whostmgr/docroot/cgi/softaculous/enduser/main/functions.php 11043
NOTICE Undefined offset: 2 /usr/local/cpanel/whostmgr/docroot/cgi/softaculous/enduser/main/functions.php 11043
WARNING
WARNING
WARNING
NOTICE Undefined variable: mail /usr/local/cpanel/whostmgr/docroot/cgi/softaculous/cli/upgrade.php 390
WARNING
NOTICE Undefined index: name /usr/local/cpanel/whostmgr/docroot/cgi/softaculous/enduser/main/functions.php 3947
NOTICE Undefined offset: 1 /usr/local/cpanel/whostmgr/docroot/cgi/softaculous/enduser/main/functions.php 11204
WARNING
WARNING
WARNING
NOTICE Undefined index: pgtimezone /usr/local/cpanel/whostmgr/docroot/cgi/softaculous/enduser/main/functions.php 68
WARNING
WARNING
NOTICE Undefined variable: result /usr/local/cpanel/whostmgr/docroot/cgi/softaculous/enduser/main/functions/mysql_functions.php 129
WARNING
WARNING
WARNING
WARNING
NOTICE Undefined variable: __settings /usr/local/cpanel/whostmgr/docroot/cgi/softaculous/enduser/main/backup.php 686
WARNING
NOTICE Undefined offset: 1 /usr/local/cpanel/whostmgr/docroot/cgi/softaculous/enduser/main/functions.php 11204
NOTICE Undefined offset: 1 /usr/local/cpanel/whostmgr/docroot/cgi/softaculous/enduser/main/functions.php 4041
NOTICE Undefined offset: 1 /usr/local/cpanel/whostmgr/docroot/cgi/softaculous/enduser/main/functions.php 4045
NOTICE Undefined offset: 1 /usr/local/cpanel/whostmgr/docroot/cgi/softaculous/enduser/main/functions.php 4049
NOTICE Undefined offset: 1 /usr/local/cpanel/whostmgr/docroot/cgi/softaculous/enduser/main/functions.php 11206
WARNING
WARNING
WARNING
NOTICE Undefined variable: ver /var/softaculous/wp/php53/import.php 98
NOTICE Undefined offset: 2 /usr/local/cpanel/whostmgr/docroot/cgi/softaculous/enduser/main/functions.php 11204
NOTICE Undefined offset: 2 /usr/local/cpanel/whostmgr/docroot/cgi/softaculous/enduser/main/functions.php 11204
NOTICE Undefined offset: 2 /usr/local/cpanel/whostmgr/docroot/cgi/softaculous/enduser/main/functions.php 11204
NOTICE Undefined offset: 2 /usr/local/cpanel/whostmgr/docroot/cgi/softaculous/enduser/main/functions.php 11204
NOTICE Undefined offset: 2 /usr/local/cpanel/whostmgr/docroot/cgi/softaculous/enduser/main/functions.php 11204
WARNING
WARNING
WARNING
WARNING
WARNING
WARNING
WARNING
WARNING
WARNING
NOTICE Undefined variable: mail /usr/local/cpanel/whostmgr/docroot/cgi/softaculous/cli/upgrade.php 396
WARNING
NOTICE Undefined index: name /usr/local/cpanel/whostmgr/docroot/cgi/softaculous/enduser/main/functions.php 3947
NOTICE Undefined offset: 1 /usr/local/cpanel/whostmgr/docroot/cgi/softaculous/enduser/main/functions.php 11204
WARNING
WARNING
WARNING
NOTICE Undefined index: pgtimezone /usr/local/cpanel/whostmgr/docroot/cgi/softaculous/enduser/main/functions.php 68
WARNING
WARNING
NOTICE Undefined variable: result /usr/local/cpanel/whostmgr/docroot/cgi/softaculous/enduser/main/functions/mysql_functions.php 129
WARNING
WARNING
WARNING
WARNING
NOTICE Undefined variable: __settings /usr/local/cpanel/whostmgr/docroot/cgi/softaculous/enduser/main/backup.php 686
WARNING
NOTICE Undefined offset: 1 /usr/local/cpanel/whostmgr/docroot/cgi/softaculous/enduser/main/functions.php 11204
NOTICE Undefined offset: 1 /usr/local/cpanel/whostmgr/docroot/cgi/softaculous/enduser/main/functions.php 4041
NOTICE Undefined offset: 1 /usr/local/cpanel/whostmgr/docroot/cgi/softaculous/enduser/main/functions.php 4045
NOTICE Undefined offset: 1 /usr/local/cpanel/whostmgr/docroot/cgi/softaculous/enduser/main/functions.php 4049
NOTICE Undefined offset: 1 /usr/local/cpanel/whostmgr/docroot/cgi/softaculous/enduser/main/functions.php 11206
NOTICE Undefined offset: 2 /usr/local/cpanel/whostmgr/docroot/cgi/softaculous/enduser/main/functions.php 11204
NOTICE Undefined offset: 2 /usr/local/cpanel/whostmgr/docroot/cgi/softaculous/enduser/main/functions.php 11204
NOTICE Undefined offset: 2 /usr/local/cpanel/whostmgr/docroot/cgi/softaculous/enduser/main/functions.php 11204
NOTICE Undefined offset: 2 /usr/local/cpanel/whostmgr/docroot/cgi/softaculous/enduser/main/functions.php 11204
NOTICE Undefined offset: 2 /usr/local/cpanel/whostmgr/docroot/cgi/softaculous/enduser/main/functions.php 11204
WARNING
WARNING
WARNING
WARNING
WARNING
WARNING
NOTICE Undefined variable: mail /usr/local/cpanel/whostmgr/docroot/cgi/softaculous/cli/upgrade.php 396
WARNING
NOTICE Undefined index: name /usr/local/cpanel/whostmgr/docroot/cgi/softaculous/enduser/main/functions.php 3953
NOTICE Undefined offset: 1 /usr/local/cpanel/whostmgr/docroot/cgi/softaculous/enduser/main/functions.php 11230
WARNING
WARNING
WARNING
NOTICE Undefined index: pgtimezone /usr/local/cpanel/whostmgr/docroot/cgi/softaculous/enduser/main/functions.php 68
WARNING
WARNING
NOTICE Undefined variable: result /usr/local/cpanel/whostmgr/docroot/cgi/softaculous/enduser/main/functions/mysql_functions.php 129
WARNING
WARNING
WARNING
WARNING
NOTICE Undefined variable: __settings /usr/local/cpanel/whostmgr/docroot/cgi/softaculous/enduser/main/backup.php 686
WARNING
NOTICE Undefined offset: 1 /usr/local/cpanel/whostmgr/docroot/cgi/softaculous/enduser/main/functions.php 11230
NOTICE Undefined offset: 1 /usr/local/cpanel/whostmgr/docroot/cgi/softaculous/enduser/main/functions.php 4047
NOTICE Undefined offset: 1 /usr/local/cpanel/whostmgr/docroot/cgi/softaculous/enduser/main/functions.php 4051
NOTICE Undefined offset: 1 /usr/local/cpanel/whostmgr/docroot/cgi/softaculous/enduser/main/functions.php 4055
NOTICE Undefined offset: 1 /usr/local/cpanel/whostmgr/docroot/cgi/softaculous/enduser/main/functions.php 11232
NOTICE Undefined offset: 2 /usr/local/cpanel/whostmgr/docroot/cgi/softaculous/enduser/main/functions.php 11230
NOTICE Undefined offset: 2 /usr/local/cpanel/whostmgr/docroot/cgi/softaculous/enduser/main/functions.php 11230
NOTICE Undefined offset: 2 /usr/local/cpanel/whostmgr/docroot/cgi/softaculous/enduser/main/functions.php 11230
NOTICE Undefined offset: 2 /usr/local/cpanel/whostmgr/docroot/cgi/softaculous/enduser/main/functions.php 11230
NOTICE Undefined offset: 2 /usr/local/cpanel/whostmgr/docroot/cgi/softaculous/enduser/main/functions.php 11230
WARNING
WARNING
WARNING
WARNING
WARNING
WARNING
NOTICE Undefined variable: mail /usr/local/cpanel/whostmgr/docroot/cgi/softaculous/cli/upgrade.php 396
WARNING
NOTICE Undefined index: name /usr/local/cpanel/whostmgr/docroot/cgi/softaculous/enduser/main/functions.php 4007
NOTICE Undefined offset: 1 /usr/local/cpanel/whostmgr/docroot/cgi/softaculous/enduser/main/functions.php 11373
WARNING
WARNING
WARNING
NOTICE Undefined index: pgtimezone /usr/local/cpanel/whostmgr/docroot/cgi/softaculous/enduser/main/functions.php 68
WARNING
WARNING
WARNING
WARNING
NOTICE Undefined variable: __settings /usr/local/cpanel/whostmgr/docroot/cgi/softaculous/enduser/main/backup.php 713
WARNING
NOTICE Undefined offset: 1 /usr/local/cpanel/whostmgr/docroot/cgi/softaculous/enduser/main/functions.php 11373
NOTICE Undefined offset: 1 /usr/local/cpanel/whostmgr/docroot/cgi/softaculous/enduser/main/functions.php 4101
NOTICE Undefined offset: 1 /usr/local/cpanel/whostmgr/docroot/cgi/softaculous/enduser/main/functions.php 4105
NOTICE Undefined offset: 1 /usr/local/cpanel/whostmgr/docroot/cgi/softaculous/enduser/main/functions.php 4109
NOTICE Undefined offset: 1 /usr/local/cpanel/whostmgr/docroot/cgi/softaculous/enduser/main/functions.php 11375
NOTICE Undefined offset: 2 /usr/local/cpanel/whostmgr/docroot/cgi/softaculous/enduser/main/functions.php 11373
NOTICE Undefined offset: 2 /usr/local/cpanel/whostmgr/docroot/cgi/softaculous/enduser/main/functions.php 11373
NOTICE Undefined offset: 2 /usr/local/cpanel/whostmgr/docroot/cgi/softaculous/enduser/main/functions.php 11373
NOTICE Undefined offset: 2 /usr/local/cpanel/whostmgr/docroot/cgi/softaculous/enduser/main/functions.php 11373
NOTICE Undefined offset: 2 /usr/local/cpanel/whostmgr/docroot/cgi/softaculous/enduser/main/functions.php 11373
WARNING
WARNING
WARNING
WARNING
WARNING
WARNING
NOTICE Undefined variable: mail /usr/local/cpanel/whostmgr/docroot/cgi/softaculous/cli/upgrade.php 396
WARNING
NOTICE Undefined index: name /usr/local/cpanel/whostmgr/docroot/cgi/softaculous/enduser/main/functions.php 4009
NOTICE Undefined offset: 1 /usr/local/cpanel/whostmgr/docroot/cgi/softaculous/enduser/main/functions.php 11375
WARNING
WARNING
WARNING
NOTICE Undefined index: pgtimezone /usr/local/cpanel/whostmgr/docroot/cgi/softaculous/enduser/main/functions.php 68
WARNING
WARNING
WARNING
WARNING
NOTICE Undefined variable: __settings /usr/local/cpanel/whostmgr/docroot/cgi/softaculous/enduser/main/backup.php 713
WARNING
NOTICE Undefined offset: 1 /usr/local/cpanel/whostmgr/docroot/cgi/softaculous/enduser/main/functions.php 11375
NOTICE Undefined offset: 1 /usr/local/cpanel/whostmgr/docroot/cgi/softaculous/enduser/main/functions.php 4103
NOTICE Undefined offset: 1 /usr/local/cpanel/whostmgr/docroot/cgi/softaculous/enduser/main/functions.php 4107
NOTICE Undefined offset: 1 /usr/local/cpanel/whostmgr/docroot/cgi/softaculous/enduser/main/functions.php 4111
NOTICE Undefined offset: 1 /usr/local/cpanel/whostmgr/docroot/cgi/softaculous/enduser/main/functions.php 11377
NOTICE Undefined offset: 2 /usr/local/cpanel/whostmgr/docroot/cgi/softaculous/enduser/main/functions.php 11375
NOTICE Undefined offset: 2 /usr/local/cpanel/whostmgr/docroot/cgi/softaculous/enduser/main/functions.php 11375
NOTICE Undefined offset: 2 /usr/local/cpanel/whostmgr/docroot/cgi/softaculous/enduser/main/functions.php 11375
NOTICE Undefined offset: 2 /usr/local/cpanel/whostmgr/docroot/cgi/softaculous/enduser/main/functions.php 11375
NOTICE Undefined offset: 2 /usr/local/cpanel/whostmgr/docroot/cgi/softaculous/enduser/main/functions.php 11375
WARNING
WARNING
WARNING
WARNING
WARNING
WARNING
NOTICE Undefined variable: mail /usr/local/cpanel/whostmgr/docroot/cgi/softaculous/cli/upgrade.php 396
WARNING
NOTICE Undefined index: name /usr/local/cpanel/whostmgr/docroot/cgi/softaculous/enduser/main/functions.php 4014
NOTICE Undefined offset: 1 /usr/local/cpanel/whostmgr/docroot/cgi/softaculous/enduser/main/functions.php 11398
WARNING
WARNING
WARNING
NOTICE Undefined index: pgtimezone /usr/local/cpanel/whostmgr/docroot/cgi/softaculous/enduser/main/functions.php 68
WARNING
WARNING
WARNING
WARNING
NOTICE Undefined variable: __settings /usr/local/cpanel/whostmgr/docroot/cgi/softaculous/enduser/main/backup.php 713
WARNING
NOTICE Undefined offset: 1 /usr/local/cpanel/whostmgr/docroot/cgi/softaculous/enduser/main/functions.php 11398
NOTICE Undefined offset: 1 /usr/local/cpanel/whostmgr/docroot/cgi/softaculous/enduser/main/functions.php 4108
NOTICE Undefined offset: 1 /usr/local/cpanel/whostmgr/docroot/cgi/softaculous/enduser/main/functions.php 4112
NOTICE Undefined offset: 1 /usr/local/cpanel/whostmgr/docroot/cgi/softaculous/enduser/main/functions.php 4116
NOTICE Undefined offset: 1 /usr/local/cpanel/whostmgr/docroot/cgi/softaculous/enduser/main/functions.php 11400
NOTICE Undefined offset: 2 /usr/local/cpanel/whostmgr/docroot/cgi/softaculous/enduser/main/functions.php 11398
NOTICE Undefined offset: 2 /usr/local/cpanel/whostmgr/docroot/cgi/softaculous/enduser/main/functions.php 11398
NOTICE Undefined offset: 2 /usr/local/cpanel/whostmgr/docroot/cgi/softaculous/enduser/main/functions.php 11398
NOTICE Undefined offset: 2 /usr/local/cpanel/whostmgr/docroot/cgi/softaculous/enduser/main/functions.php 11398
NOTICE Undefined offset: 2 /usr/local/cpanel/whostmgr/docroot/cgi/softaculous/enduser/main/functions.php 11398
WARNING
WARNING
WARNING
WARNING
WARNING
WARNING
NOTICE Undefined variable: mail /usr/local/cpanel/whostmgr/docroot/cgi/softaculous/cli/upgrade.php 396
WARNING
NOTICE Undefined index: name /usr/local/cpanel/whostmgr/docroot/cgi/softaculous/enduser/main/functions.php 4022
NOTICE Undefined offset: 1 /usr/local/cpanel/whostmgr/docroot/cgi/softaculous/enduser/main/functions.php 11422
WARNING
WARNING
WARNING
NOTICE Undefined index: pgtimezone /usr/local/cpanel/whostmgr/docroot/cgi/softaculous/enduser/main/functions.php 68
WARNING
WARNING
WARNING
WARNING
NOTICE Undefined variable: __settings /usr/local/cpanel/whostmgr/docroot/cgi/softaculous//enduser/main/backup.php 721
WARNING
NOTICE Undefined offset: 1 /usr/local/cpanel/whostmgr/docroot/cgi/softaculous/enduser/main/functions.php 11422
NOTICE Undefined offset: 1 /usr/local/cpanel/whostmgr/docroot/cgi/softaculous/enduser/main/functions.php 4116
NOTICE Undefined offset: 1 /usr/local/cpanel/whostmgr/docroot/cgi/softaculous/enduser/main/functions.php 4120
NOTICE Undefined offset: 1 /usr/local/cpanel/whostmgr/docroot/cgi/softaculous/enduser/main/functions.php 4124
NOTICE Undefined offset: 1 /usr/local/cpanel/whostmgr/docroot/cgi/softaculous/enduser/main/functions.php 11424
NOTICE Undefined offset: 2 /usr/local/cpanel/whostmgr/docroot/cgi/softaculous/enduser/main/functions.php 11422
NOTICE Undefined offset: 2 /usr/local/cpanel/whostmgr/docroot/cgi/softaculous/enduser/main/functions.php 11422
NOTICE Undefined offset: 2 /usr/local/cpanel/whostmgr/docroot/cgi/softaculous/enduser/main/functions.php 11422
NOTICE Undefined offset: 2 /usr/local/cpanel/whostmgr/docroot/cgi/softaculous/enduser/main/functions.php 11422
NOTICE Undefined offset: 2 /usr/local/cpanel/whostmgr/docroot/cgi/softaculous/enduser/main/functions.php 11422
WARNING
WARNING
WARNING
WARNING
WARNING
WARNING
NOTICE Undefined variable: mail /usr/local/cpanel/whostmgr/docroot/cgi/softaculous/cli/upgrade.php 396
WARNING
NOTICE Undefined index: name /usr/local/cpanel/whostmgr/docroot/cgi/softaculous/enduser/main/functions.php 4022
NOTICE Undefined offset: 1 /usr/local/cpanel/whostmgr/docroot/cgi/softaculous/enduser/main/functions.php 11422
WARNING
WARNING
WARNING
NOTICE Undefined index: pgtimezone /usr/local/cpanel/whostmgr/docroot/cgi/softaculous/enduser/main/functions.php 68
WARNING
WARNING
WARNING
WARNING
NOTICE Undefined variable: __settings /usr/local/cpanel/whostmgr/docroot/cgi/softaculous//enduser/main/backup.php 721
WARNING
NOTICE Undefined offset: 1 /usr/local/cpanel/whostmgr/docroot/cgi/softaculous/enduser/main/functions.php 11422
NOTICE Undefined offset: 1 /usr/local/cpanel/whostmgr/docroot/cgi/softaculous/enduser/main/functions.php 4116
NOTICE Undefined offset: 1 /usr/local/cpanel/whostmgr/docroot/cgi/softaculous/enduser/main/functions.php 4120
NOTICE Undefined offset: 1 /usr/local/cpanel/whostmgr/docroot/cgi/softaculous/enduser/main/functions.php 4124
NOTICE Undefined offset: 1 /usr/local/cpanel/whostmgr/docroot/cgi/softaculous/enduser/main/functions.php 11424
NOTICE Undefined offset: 2 /usr/local/cpanel/whostmgr/docroot/cgi/softaculous/enduser/main/functions.php 11422
NOTICE Undefined offset: 2 /usr/local/cpanel/whostmgr/docroot/cgi/softaculous/enduser/main/functions.php 11422
NOTICE Undefined offset: 2 /usr/local/cpanel/whostmgr/docroot/cgi/softaculous/enduser/main/functions.php 11422
NOTICE Undefined offset: 2 /usr/local/cpanel/whostmgr/docroot/cgi/softaculous/enduser/main/functions.php 11422
NOTICE Undefined offset: 2 /usr/local/cpanel/whostmgr/docroot/cgi/softaculous/enduser/main/functions.php 11422
WARNING
WARNING
WARNING
WARNING
WARNING
WARNING
NOTICE Undefined variable: mail /usr/local/cpanel/whostmgr/docroot/cgi/softaculous/cli/upgrade.php 396
WARNING
NOTICE Undefined offset: 1 /usr/local/cpanel/whostmgr/docroot/cgi/softaculous/enduser/main/functions.php 11450
WARNING
WARNING
WARNING
NOTICE Undefined index: pgtimezone /usr/local/cpanel/whostmgr/docroot/cgi/softaculous/enduser/main/functions.php 68
WARNING
WARNING
WARNING
WARNING
NOTICE Undefined variable: __settings /usr/local/cpanel/whostmgr/docroot/cgi/softaculous//enduser/main/backup.php 721
WARNING
NOTICE Undefined offset: 1 /usr/local/cpanel/whostmgr/docroot/cgi/softaculous/enduser/main/functions.php 11450
NOTICE Undefined offset: 1 /usr/local/cpanel/whostmgr/docroot/cgi/softaculous/enduser/main/functions.php 4120
NOTICE Undefined offset: 1 /usr/local/cpanel/whostmgr/docroot/cgi/softaculous/enduser/main/functions.php 4124
NOTICE Undefined offset: 1 /usr/local/cpanel/whostmgr/docroot/cgi/softaculous/enduser/main/functions.php 4128
NOTICE Undefined offset: 1 /usr/local/cpanel/whostmgr/docroot/cgi/softaculous/enduser/main/functions.php 11452
NOTICE Undefined offset: 2 /usr/local/cpanel/whostmgr/docroot/cgi/softaculous/enduser/main/functions.php 11450
NOTICE Undefined offset: 2 /usr/local/cpanel/whostmgr/docroot/cgi/softaculous/enduser/main/functions.php 11450
NOTICE Undefined offset: 2 /usr/local/cpanel/whostmgr/docroot/cgi/softaculous/enduser/main/functions.php 11450
NOTICE Undefined offset: 2 /usr/local/cpanel/whostmgr/docroot/cgi/softaculous/enduser/main/functions.php 11450
NOTICE Undefined offset: 2 /usr/local/cpanel/whostmgr/docroot/cgi/softaculous/enduser/main/functions.php 11450
WARNING
WARNING
WARNING
WARNING
WARNING
WARNING
NOTICE Undefined variable: mail /usr/local/cpanel/whostmgr/docroot/cgi/softaculous/cli/upgrade.php 433
WARNING
NOTICE Undefined offset: 1 /usr/local/cpanel/whostmgr/docroot/cgi/softaculous/enduser/main/functions.php 11467
WARNING
WARNING
WARNING
NOTICE Undefined index: pgtimezone /usr/local/cpanel/whostmgr/docroot/cgi/softaculous/enduser/main/functions.php 68
WARNING
WARNING
WARNING
WARNING
NOTICE Undefined variable: __settings /usr/local/cpanel/whostmgr/docroot/cgi/softaculous//enduser/main/backup.php 729
WARNING
NOTICE Undefined offset: 1 /usr/local/cpanel/whostmgr/docroot/cgi/softaculous/enduser/main/functions.php 11467
NOTICE Undefined offset: 1 /usr/local/cpanel/whostmgr/docroot/cgi/softaculous/enduser/main/functions.php 4125
NOTICE Undefined offset: 1 /usr/local/cpanel/whostmgr/docroot/cgi/softaculous/enduser/main/functions.php 4129
NOTICE Undefined offset: 1 /usr/local/cpanel/whostmgr/docroot/cgi/softaculous/enduser/main/functions.php 4133
NOTICE Undefined offset: 1 /usr/local/cpanel/whostmgr/docroot/cgi/softaculous/enduser/main/functions.php 11469
NOTICE Undefined offset: 2 /usr/local/cpanel/whostmgr/docroot/cgi/softaculous/enduser/main/functions.php 11467
NOTICE Undefined offset: 2 /usr/local/cpanel/whostmgr/docroot/cgi/softaculous/enduser/main/functions.php 11467
NOTICE Undefined offset: 2 /usr/local/cpanel/whostmgr/docroot/cgi/softaculous/enduser/main/functions.php 11467
NOTICE Undefined offset: 2 /usr/local/cpanel/whostmgr/docroot/cgi/softaculous/enduser/main/functions.php 11467
NOTICE Undefined offset: 2 /usr/local/cpanel/whostmgr/docroot/cgi/softaculous/enduser/main/functions.php 11467
WARNING
WARNING
WARNING
WARNING
WARNING
WARNING
NOTICE Undefined variable: mail /usr/local/cpanel/whostmgr/docroot/cgi/softaculous/cli/upgrade.php 429
WARNING
NOTICE Undefined offset: 1 /usr/local/cpanel/whostmgr/docroot/cgi/softaculous/enduser/main/functions.php 11536
WARNING
WARNING
WARNING
NOTICE Undefined index: pgtimezone /usr/local/cpanel/whostmgr/docroot/cgi/softaculous/enduser/main/functions.php 68
WARNING
WARNING
NOTICE Undefined offset: 1 /usr/local/cpanel/whostmgr/docroot/cgi/softaculous/enduser/main/functions.php 11536
WARNING
WARNING
WARNING
NOTICE Undefined index: pgtimezone /usr/local/cpanel/whostmgr/docroot/cgi/softaculous/enduser/main/functions.php 68
WARNING
WARNING
NOTICE Undefined offset: 1 /usr/local/cpanel/whostmgr/docroot/cgi/softaculous/enduser/main/functions.php 11536
WARNING
WARNING
WARNING
NOTICE Undefined index: pgtimezone /usr/local/cpanel/whostmgr/docroot/cgi/softaculous/enduser/main/functions.php 68
WARNING
WARNING
NOTICE Undefined offset: 1 /usr/local/cpanel/whostmgr/docroot/cgi/softaculous/enduser/main/functions.php 11536
WARNING
WARNING
WARNING
NOTICE Undefined index: pgtimezone /usr/local/cpanel/whostmgr/docroot/cgi/softaculous/enduser/main/functions.php 68
WARNING
WARNING
NOTICE Undefined offset: 1 /usr/local/cpanel/whostmgr/docroot/cgi/softaculous/enduser/main/functions.php 11675
WARNING
WARNING
WARNING
NOTICE Undefined index: pgtimezone /usr/local/cpanel/whostmgr/docroot/cgi/softaculous/enduser/main/functions.php 68
WARNING
WARNING
NOTICE Undefined offset: 1 /usr/local/cpanel/whostmgr/docroot/cgi/softaculous/enduser/main/functions.php 11674
WARNING
WARNING
WARNING
NOTICE Undefined index: pgtimezone /usr/local/cpanel/whostmgr/docroot/cgi/softaculous/enduser/main/functions.php 68
WARNING
WARNING
NOTICE Undefined offset: 1 /usr/local/cpanel/whostmgr/docroot/cgi/softaculous/enduser/main/functions.php 11674
WARNING
WARNING
WARNING
NOTICE Undefined index: pgtimezone /usr/local/cpanel/whostmgr/docroot/cgi/softaculous/enduser/main/functions.php 68
WARNING
WARNING
NOTICE Undefined offset: 1 /usr/local/cpanel/whostmgr/docroot/cgi/softaculous/enduser/main/functions.php 11674
WARNING
WARNING
WARNING
NOTICE Undefined index: pgtimezone /usr/local/cpanel/whostmgr/docroot/cgi/softaculous/enduser/main/functions.php 68
WARNING
WARNING
NOTICE Undefined offset: 1 /usr/local/cpanel/whostmgr/docroot/cgi/softaculous/enduser/main/functions.php 11796
WARNING
WARNING
WARNING
NOTICE Undefined index: pgtimezone /usr/local/cpanel/whostmgr/docroot/cgi/softaculous/enduser/main/functions.php 68
WARNING
WARNING